<?xml version="1.0" encoding="UTF-8"?>
<!-- Generated by org.testng.reporters.JUnitReportReporter -->
<testsuite skipped="0" hostname="L-185015928" name="com.wipro.testngdemos.TestNGDemo1" tests="1" failures="0" timestamp="11 Oct 2018 16:25:59 GMT" time="0.022" errors="0">
  <testcase name="Test1" time="0.022" classname="com.wipro.testngdemos.TestNGDemo1"/>
</testsuite> <!-- com.wipro.testngdemos.TestNGDemo1 -->
