<?xml version="1.0" encoding="UTF-8"?>
<!-- Generated by org.testng.reporters.JUnitReportReporter -->
<testsuite skipped="0" hostname="L-156073908" name="comTestNg.TestNGbasics" tests="3" failures="0" timestamp="11 Oct 2018 10:31:53 GMT" time="57.555" errors="0">
  <testcase name="launchbrowser5" time="10.044" classname="comTestNg.TestNGbasics"/>
  <testcase name="launchbrowser12" time="30.256" classname="comTestNg.TestNGbasics"/>
  <testcase name="launchbrowser13" time="17.255" classname="comTestNg.TestNGbasics"/>
</testsuite> <!-- comTestNg.TestNGbasics -->
