<?xml version="1.0" encoding="UTF-8"?>
<!-- Generated by org.testng.reporters.JUnitReportReporter -->
<testsuite skipped="0" hostname="L-185015928" name="com.wipro.demo.TestNGAnnotations" tests="2" failures="0" timestamp="12 Oct 2018 16:41:46 GMT" time="0.016" errors="0">
  <testcase name="logout" time="0.003" classname="com.wipro.demo.TestNGAnnotations"/>
  <testcase name="login" time="0.013" classname="com.wipro.demo.TestNGAnnotations"/>
</testsuite> <!-- com.wipro.demo.TestNGAnnotations -->
