<?xml version="1.0" encoding="UTF-8"?>
<!-- Generated by org.testng.reporters.JUnitReportReporter -->
<testsuite skipped="0" hostname="L-156073908" name="com.qa.Testcase.Logintestcase" tests="2" failures="0" timestamp="23 Oct 2018 12:35:30 GMT" time="42.901" errors="0">
  <testcase name="loginpagetitletest" time="13.449" classname="com.qa.Testcase.Logintestcase"/>
  <testcase name="validatelogin" time="29.452" classname="com.qa.Testcase.Logintestcase"/>
</testsuite> <!-- com.qa.Testcase.Logintestcase -->
